{
  "stats": {
    "suites": 1,
    "tests": 2,
    "passes": 2,
    "pending": 0,
    "failures": 0,
    "start": "2024-06-28T14:49:15.490Z",
    "end": "2024-06-28T14:49:32.753Z",
    "duration": 17263,
    "testsRegistered": 2,
    "passPercent": 100,
    "pendingPercent": 0,
    "other": 0,
    "hasOther": false,
    "skipped": 0,
    "hasSkipped": false
  },
  "results": [
    {
      "uuid": "28082e3c-713a-4235-a5cd-2420da2d9f2a",
      "title": "",
      "fullFile": "cypress\\e2e\\pom-demo.spec.cy.js",
      "file": "cypress\\e2e\\pom-demo.spec.cy.js",
      "beforeHooks": [],
      "afterHooks": [],
      "tests": [],
      "suites": [
        {
          "uuid": "d7133bbf-e7e9-4f85-a3ab-998e7b96cbcb",
          "title": "POM Demonstration for Login",
          "fullFile": "",
          "file": "",
          "beforeHooks": [],
          "afterHooks": [],
          "tests": [
            {
              "title": "should allow a user to log in with correct credentials",
              "fullTitle": "POM Demonstration for Login should allow a user to log in with correct credentials",
              "timedOut": null,
              "duration": 7065,
              "state": "passed",
              "speed": "medium",
              "pass": true,
              "fail": false,
              "pending": false,
              "context": null,
              "code": "// User login\nlogin.enterUsername('Admin');\nlogin.enterPwd('admin123');\nlogin.submit();\n// Verifying login\ncy.xpath(\"//img[@class='oxd-userdropdown-img']\").then(function ($img) {\n  expect($img.is(':visible'), 'Successful User Login').to.be.true;\n});",
              "err": {},
              "uuid": "2cf9d3b4-17c4-43c9-a75b-2847a7d743f9",
              "parentUUID": "d7133bbf-e7e9-4f85-a3ab-998e7b96cbcb",
              "isHook": false,
              "skipped": false
            },
            {
              "title": "should not allow a user to log in with incorrect credentials",
              "fullTitle": "POM Demonstration for Login should not allow a user to log in with incorrect credentials",
              "timedOut": null,
              "duration": 3934,
              "state": "passed",
              "speed": "fast",
              "pass": true,
              "fail": false,
              "pending": false,
              "context": null,
              "code": "// User login\nlogin.enterUsername('Admin');\nlogin.enterPwd('Admin123');\nlogin.submit();\n// Verifying login\ncy.xpath(\"//img[@class='oxd-userdropdown-img']\").should('not.exist');",
              "err": {},
              "uuid": "90285290-b4bf-46eb-a059-e6c329bbc42a",
              "parentUUID": "d7133bbf-e7e9-4f85-a3ab-998e7b96cbcb",
              "isHook": false,
              "skipped": false
            }
          ],
          "suites": [],
          "passes": [
            "2cf9d3b4-17c4-43c9-a75b-2847a7d743f9",
            "90285290-b4bf-46eb-a059-e6c329bbc42a"
          ],
          "failures": [],
          "pending": [],
          "skipped": [],
          "duration": 10999,
          "root": false,
          "rootEmpty": false,
          "_timeout": 2000
        }
      ],
      "passes": [],
      "failures": [],
      "pending": [],
      "skipped": [],
      "duration": 0,
      "root": true,
      "rootEmpty": true,
      "_timeout": 2000
    }
  ],
  "meta": {
    "mocha": {
      "version": "7.0.1"
    },
    "mochawesome": {
      "options": {
        "quiet": false,
        "reportFilename": "mochawesome",
        "saveHtml": true,
        "saveJson": true,
        "consoleReporter": "spec",
        "useInlineDiffs": false,
        "code": true
      },
      "version": "7.1.3"
    },
    "marge": {
      "options": {
        "reportDir": "cypress/reports/mocha",
        "overwrite": false,
        "html": true,
        "json": true
      },
      "version": "6.2.0"
    }
  }
}