{
  "stats": {
    "suites": 1,
    "tests": 3,
    "passes": 3,
    "pending": 0,
    "failures": 0,
    "start": "2024-06-28T14:49:44.997Z",
    "end": "2024-06-28T14:49:45.861Z",
    "duration": 864,
    "testsRegistered": 3,
    "passPercent": 100,
    "pendingPercent": 0,
    "other": 0,
    "hasOther": false,
    "skipped": 0,
    "hasSkipped": false
  },
  "results": [
    {
      "uuid": "f5c1f0e1-5ef2-4df4-a197-988583c9dd9b",
      "title": "",
      "fullFile": "cypress\\e2e\\read-write-demo.spec.cy.js",
      "file": "cypress\\e2e\\read-write-demo.spec.cy.js",
      "beforeHooks": [],
      "afterHooks": [],
      "tests": [],
      "suites": [
        {
          "uuid": "3a74019e-b21e-4189-ac5b-d7ce4c621353",
          "title": "Read and Write Operations",
          "fullFile": "",
          "file": "",
          "beforeHooks": [],
          "afterHooks": [],
          "tests": [
            {
              "title": "should read data from a fixture",
              "fullTitle": "Read and Write Operations should read data from a fixture",
              "timedOut": null,
              "duration": 580,
              "state": "passed",
              "speed": "fast",
              "pass": true,
              "fail": false,
              "pending": false,
              "context": null,
              "code": "// Test code for reading data from a fixture\ncy.get('@testData').then(function (data) {\n  cy.log(data.name);\n  cy.log(data);\n});\ncy.log(this.testData);\ncy.log(this.testData.name);\ncy.get('@testData').its('name').should('eq', 'Using fixtures to represent data');",
              "err": {},
              "uuid": "6cbe48a2-cf3f-4f56-a428-46f6f495744e",
              "parentUUID": "3a74019e-b21e-4189-ac5b-d7ce4c621353",
              "isHook": false,
              "skipped": false
            },
            {
              "title": "should read file using the readFile function",
              "fullTitle": "Read and Write Operations should read file using the readFile function",
              "timedOut": null,
              "duration": 59,
              "state": "passed",
              "speed": "fast",
              "pass": true,
              "fail": false,
              "pending": false,
              "context": null,
              "code": "// Test code for reading file using the readFile function\ncy.readFile('cypress/fixtures/example.json').then(function (data) {\n  cy.log(data.name);\n});",
              "err": {},
              "uuid": "0b17fb76-4ada-40a4-b917-37f57b957563",
              "parentUUID": "3a74019e-b21e-4189-ac5b-d7ce4c621353",
              "isHook": false,
              "skipped": false
            },
            {
              "title": "should write data onto a file",
              "fullTitle": "Read and Write Operations should write data onto a file",
              "timedOut": null,
              "duration": 76,
              "state": "passed",
              "speed": "fast",
              "pass": true,
              "fail": false,
              "pending": false,
              "context": null,
              "code": "// Test code for writing data onto a file\ncy.writeFile('test_output', 'Hello I am Harsh! ');\ncy.writeFile('test_output', 'I am learning Cypress here.', {\n  flag: 'a+'\n}); // Appending data",
              "err": {},
              "uuid": "0211f7a7-f15d-4de8-be6d-66a34066cc0c",
              "parentUUID": "3a74019e-b21e-4189-ac5b-d7ce4c621353",
              "isHook": false,
              "skipped": false
            }
          ],
          "suites": [],
          "passes": [
            "6cbe48a2-cf3f-4f56-a428-46f6f495744e",
            "0b17fb76-4ada-40a4-b917-37f57b957563",
            "0211f7a7-f15d-4de8-be6d-66a34066cc0c"
          ],
          "failures": [],
          "pending": [],
          "skipped": [],
          "duration": 715,
          "root": false,
          "rootEmpty": false,
          "_timeout": 2000
        }
      ],
      "passes": [],
      "failures": [],
      "pending": [],
      "skipped": [],
      "duration": 0,
      "root": true,
      "rootEmpty": true,
      "_timeout": 2000
    }
  ],
  "meta": {
    "mocha": {
      "version": "7.0.1"
    },
    "mochawesome": {
      "options": {
        "quiet": false,
        "reportFilename": "mochawesome",
        "saveHtml": true,
        "saveJson": true,
        "consoleReporter": "spec",
        "useInlineDiffs": false,
        "code": true
      },
      "version": "7.1.3"
    },
    "marge": {
      "options": {
        "reportDir": "cypress/reports/mocha",
        "overwrite": false,
        "html": true,
        "json": true
      },
      "version": "6.2.0"
    }
  }
}