{
  "stats": {
    "suites": 1,
    "tests": 11,
    "passes": 6,
    "pending": 0,
    "failures": 5,
    "start": "2024-06-28T14:47:37.440Z",
    "end": "2024-06-28T14:48:59.174Z",
    "duration": 81734,
    "testsRegistered": 11,
    "passPercent": 54.54545454545454,
    "pendingPercent": 0,
    "other": 0,
    "hasOther": false,
    "skipped": 0,
    "hasSkipped": false
  },
  "results": [
    {
      "uuid": "5d9b5602-92d1-4332-89ac-e37a897f7272",
      "title": "",
      "fullFile": "cypress\\e2e\\interview-demo-1.spec.cy.js",
      "file": "cypress\\e2e\\interview-demo-1.spec.cy.js",
      "beforeHooks": [],
      "afterHooks": [],
      "tests": [],
      "suites": [
        {
          "uuid": "e4bf0440-b77d-450d-a94e-e79d905317be",
          "title": "Contact Us Form Tests",
          "fullFile": "",
          "file": "",
          "beforeHooks": [],
          "afterHooks": [],
          "tests": [
            {
              "title": "submits form with max valid inputs",
              "fullTitle": "Contact Us Form Tests submits form with max valid inputs",
              "timedOut": null,
              "duration": 6440,
              "state": "passed",
              "speed": "medium",
              "pass": true,
              "fail": false,
              "pending": false,
              "context": null,
              "code": "cy.get('input[name=\"first_name\"]').type('Harshdeep');\ncy.get('input[name=\"last_name\"]').type('Chauhan');\ncy.get('input[name=\"email\"]').type('harshdeep.chauhan@yopmail.com');\ncy.get('textarea[name=\"message\"]').type('Hello, this is a test message.');\ncy.get('input[type=\"submit\"]').click();\n// verify successful submission\ncy.xpath('//div[@id=\"contact_reply\"]/descendant::h1[contains(text(),\"Thank You\")]').should('be.visible');\n/*\nalternatively we can use a simpler Xpath\ncy.xpath('//div[@id=\"contact_reply\"]/descendant::h1').should('contain', 'Thank You')\n */",
              "err": {},
              "uuid": "c19047e0-ef09-45e7-beb9-4c67c8343409",
              "parentUUID": "e4bf0440-b77d-450d-a94e-e79d905317be",
              "isHook": false,
              "skipped": false
            },
            {
              "title": "submits form with min valid inputs",
              "fullTitle": "Contact Us Form Tests submits form with min valid inputs",
              "timedOut": null,
              "duration": 7428,
              "state": "failed",
              "speed": null,
              "pass": false,
              "fail": true,
              "pending": false,
              "context": null,
              "code": "cy.get('input[name=\"first_name\"]').type('Harshdeep');\ncy.get('input[name=\"last_name\"]').type('Chauhan');\ncy.get('input[name=\"email\"]').type('harshdeep.chauhan@yopmail.com');\ncy.get('input[type=\"submit\"]').click();\n// verify successful submission\ncy.xpath('//div[@id=\"contact_reply\"]/descendant::h1[contains(text(),\"Thank You\")]').should('be.visible');",
              "err": {
                "message": "AssertionError: Timed out retrying after 4000ms: Expected to find element: `//div[@id=\"contact_reply\"]/descendant::h1[contains(text(),\"Thank You\")]`, but never found it.",
                "estack": "AssertionError: Timed out retrying after 4000ms: Expected to find element: `//div[@id=\"contact_reply\"]/descendant::h1[contains(text(),\"Thank You\")]`, but never found it.\n    at Context.eval (webpack://cypresstrail/./cypress/e2e/interview-demo-1.spec.cy.js:30:88)",
                "diff": null
              },
              "uuid": "c138bb78-acdf-42e7-b665-bb44fe06713d",
              "parentUUID": "e4bf0440-b77d-450d-a94e-e79d905317be",
              "isHook": false,
              "skipped": false
            },
            {
              "title": "submits form with missing inputs",
              "fullTitle": "Contact Us Form Tests submits form with missing inputs",
              "timedOut": null,
              "duration": 3419,
              "state": "passed",
              "speed": "fast",
              "pass": true,
              "fail": false,
              "pending": false,
              "context": null,
              "code": "cy.get('input[name=\"last_name\"]').type('Chauhan');\ncy.get('input[name=\"email\"]').type('harshdeep.chauhan@yopmail.com');\n// adding the following step after confirming the existence of bug from postiive case #2\ncy.get('textarea[name=\"message\"]').type('Hello, this is a test message.');\ncy.get('input[type=\"submit\"]').click();\n// verify unsuccessful submission\ncy.xpath('//body//text()[contains(.,\"Error\")]').then(function ($el) {\n  expect($el.text().toLowerCase()).to.contain('all fields are required');\n});",
              "err": {},
              "uuid": "2877da7a-7c7b-4d65-a23e-452303bcb922",
              "parentUUID": "e4bf0440-b77d-450d-a94e-e79d905317be",
              "isHook": false,
              "skipped": false
            },
            {
              "title": "submits form with invalid first_name",
              "fullTitle": "Contact Us Form Tests submits form with invalid first_name",
              "timedOut": null,
              "duration": 8818,
              "state": "failed",
              "speed": null,
              "pass": false,
              "fail": true,
              "pending": false,
              "context": null,
              "code": "cy.get('input[name=\"first_name\"]').type('H');\ncy.get('input[name=\"last_name\"]').type('Chauhan');\ncy.get('input[name=\"email\"]').type('harshdeep.chauhan@yopmail.com');\n// adding the following step after confirming the existence of bug from postiive case #2\ncy.get('textarea[name=\"message\"]').type('Hello, this is a test message.');\ncy.get('input[type=\"submit\"]').click();\n// verify unsuccessful submission\ncy.xpath('//body//text()[contains(.,\"Error\")]').should('be.visible');\n/*\nNote: The above test case will always fail as there is a bug\n*/",
              "err": {
                "message": "AssertionError: Timed out retrying after 4000ms: Expected to find element: `//body//text()[contains(.,\"Error\")]`, but never found it.",
                "estack": "AssertionError: Timed out retrying after 4000ms: Expected to find element: `//body//text()[contains(.,\"Error\")]`, but never found it.\n    at Context.eval (webpack://cypresstrail/./cypress/e2e/interview-demo-1.spec.cy.js:57:52)",
                "diff": null
              },
              "uuid": "578f1727-fc78-403d-a957-721b38714ae9",
              "parentUUID": "e4bf0440-b77d-450d-a94e-e79d905317be",
              "isHook": false,
              "skipped": false
            },
            {
              "title": "submits form with invalid first_name",
              "fullTitle": "Contact Us Form Tests submits form with invalid first_name",
              "timedOut": null,
              "duration": 8841,
              "state": "failed",
              "speed": null,
              "pass": false,
              "fail": true,
              "pending": false,
              "context": null,
              "code": "cy.get('input[name=\"first_name\"]').type('ABCDEFGHIJKLMNOPQRSTUVWXYZ1');\ncy.get('input[name=\"last_name\"]').type('Chauhan');\ncy.get('input[name=\"email\"]').type('harshdeep.chauhan@yopmail.com');\n// adding the following step after confirming the existence of bug from postiive case #2\ncy.get('textarea[name=\"message\"]').type('Hello, this is a test message.');\ncy.get('input[type=\"submit\"]').click();\n// verify unsuccessful submission\ncy.xpath('//body//text()[contains(.,\"Error\")]').should('be.visible');\n// Note: The above test case will always fail as there is a bug",
              "err": {
                "message": "AssertionError: Timed out retrying after 4000ms: Expected to find element: `//body//text()[contains(.,\"Error\")]`, but never found it.",
                "estack": "AssertionError: Timed out retrying after 4000ms: Expected to find element: `//body//text()[contains(.,\"Error\")]`, but never found it.\n    at Context.eval (webpack://cypresstrail/./cypress/e2e/interview-demo-1.spec.cy.js:71:52)",
                "diff": null
              },
              "uuid": "cf48b8c1-08b3-4bf0-8326-96279b210fc5",
              "parentUUID": "e4bf0440-b77d-450d-a94e-e79d905317be",
              "isHook": false,
              "skipped": false
            },
            {
              "title": "submits form with missing inputs",
              "fullTitle": "Contact Us Form Tests submits form with missing inputs",
              "timedOut": null,
              "duration": 2986,
              "state": "passed",
              "speed": "fast",
              "pass": true,
              "fail": false,
              "pending": false,
              "context": null,
              "code": "cy.get('input[name=\"first_name\"]').type('Harshdeep');\ncy.get('input[name=\"email\"]').type('harshdeep.chauhan@yopmail.com');\n// adding the following step after confirming the existence of bug from postiive case #2\ncy.get('textarea[name=\"message\"]').type('Hello, this is a test message.');\ncy.get('input[type=\"submit\"]').click();\n// verify unsuccessful submission\ncy.xpath('//body//text()[contains(.,\"Error\")]').then(function ($el) {\n  expect($el.text().toLowerCase()).to.contain('all fields are required');\n});",
              "err": {},
              "uuid": "16f32b97-3892-4d73-a7bc-d8f3338ef490",
              "parentUUID": "e4bf0440-b77d-450d-a94e-e79d905317be",
              "isHook": false,
              "skipped": false
            },
            {
              "title": "submits form with invalid last_name",
              "fullTitle": "Contact Us Form Tests submits form with invalid last_name",
              "timedOut": null,
              "duration": 11167,
              "state": "failed",
              "speed": null,
              "pass": false,
              "fail": true,
              "pending": false,
              "context": null,
              "code": "cy.get('input[name=\"first_name\"]').type('Harshdeep');\ncy.get('input[name=\"last_name\"]').type('C');\ncy.get('input[name=\"email\"]').type('harshdeep.chauhan@yopmail.com');\n// adding the following step after confirming the existence of bug from postiive case #2\ncy.get('textarea[name=\"message\"]').type('Hello, this is a test message.');\ncy.get('input[type=\"submit\"]').click();\n// verify unsuccessful submission\ncy.xpath('//body//text()[contains(.,\"Error\")]').should('be.visible');\n// Note: The above test case will always fail as there is a bug",
              "err": {
                "message": "AssertionError: Timed out retrying after 4000ms: Expected to find element: `//body//text()[contains(.,\"Error\")]`, but never found it.",
                "estack": "AssertionError: Timed out retrying after 4000ms: Expected to find element: `//body//text()[contains(.,\"Error\")]`, but never found it.\n    at Context.eval (webpack://cypresstrail/./cypress/e2e/interview-demo-1.spec.cy.js:97:52)",
                "diff": null
              },
              "uuid": "9aceaeb8-e4e4-4b20-8561-9249c4ffc4ae",
              "parentUUID": "e4bf0440-b77d-450d-a94e-e79d905317be",
              "isHook": false,
              "skipped": false
            },
            {
              "title": "submits form with invalid last_name",
              "fullTitle": "Contact Us Form Tests submits form with invalid last_name",
              "timedOut": null,
              "duration": 11266,
              "state": "failed",
              "speed": null,
              "pass": false,
              "fail": true,
              "pending": false,
              "context": null,
              "code": "cy.get('input[name=\"first_name\"]').type('Harshdeep');\ncy.get('input[name=\"last_name\"]').type('ABCDEFGHIJKLMNOPQRSTUVWXYZ1');\ncy.get('input[name=\"email\"]').type('harshdeep.chauhan@yopmail.com');\n// adding the following step after confirming the existence of bug from postiive case #2\ncy.get('textarea[name=\"message\"]').type('Hello, this is a test message.');\ncy.get('input[type=\"submit\"]').click();\n// verify unsuccessful submission\ncy.xpath('//body//text()[contains(.,\"Error\")]').should('be.visible');\n// Note: The above test case will always fail as there is a bug",
              "err": {
                "message": "AssertionError: Timed out retrying after 4000ms: Expected to find element: `//body//text()[contains(.,\"Error\")]`, but never found it.",
                "estack": "AssertionError: Timed out retrying after 4000ms: Expected to find element: `//body//text()[contains(.,\"Error\")]`, but never found it.\n    at Context.eval (webpack://cypresstrail/./cypress/e2e/interview-demo-1.spec.cy.js:109:52)",
                "diff": null
              },
              "uuid": "0f955b3c-8e38-4c2b-a5d0-ac02fe3f2f4f",
              "parentUUID": "e4bf0440-b77d-450d-a94e-e79d905317be",
              "isHook": false,
              "skipped": false
            },
            {
              "title": "submits form with missing inputs",
              "fullTitle": "Contact Us Form Tests submits form with missing inputs",
              "timedOut": null,
              "duration": 6001,
              "state": "passed",
              "speed": "medium",
              "pass": true,
              "fail": false,
              "pending": false,
              "context": null,
              "code": "cy.get('input[name=\"first_name\"]').type('Harshdeep');\ncy.get('input[name=\"last_name\"]').type('Chauhan');\n// adding the following step after confirming the existence of bug from postiive case #2\ncy.get('textarea[name=\"message\"]').type('Hello, this is a test message.');\ncy.get('input[type=\"submit\"]').click();\n// verify unsuccessful submission\ncy.xpath('//body//text()[contains(.,\"Error\")]').then(function ($el) {\n  expect($el.text().toLowerCase()).to.contain('invalid email address');\n  expect($el.text().toLowerCase()).to.contain('all fields are required');\n});",
              "err": {},
              "uuid": "aa3eb5b8-ba3f-478d-8ba2-15ff01879697",
              "parentUUID": "e4bf0440-b77d-450d-a94e-e79d905317be",
              "isHook": false,
              "skipped": false
            },
            {
              "title": "shows error for invalid email - missing \"@\" symbol",
              "fullTitle": "Contact Us Form Tests shows error for invalid email - missing \"@\" symbol",
              "timedOut": null,
              "duration": 6314,
              "state": "passed",
              "speed": "medium",
              "pass": true,
              "fail": false,
              "pending": false,
              "context": null,
              "code": "cy.get('input[name=\"first_name\"]').type('Harshdeep');\ncy.get('input[name=\"last_name\"]').type('Chauhan');\ncy.get('input[name=\"email\"]').type('harshdeep.chauhan.com'); // Invalid email\n// adding the following step after confirming the existence of bug from postiive case #2\ncy.get('textarea[name=\"message\"]').type('Hello, this is a test message.');\ncy.get('input[type=\"submit\"]').click();\n// verify error message for invalid email\ncy.xpath('//body//text()[contains(.,\"Error\")]').then(function ($el) {\n  expect($el.text().toLowerCase()).to.contain('invalid email address');\n});",
              "err": {},
              "uuid": "74b9865e-92ff-4cdd-b9b0-a5ef8b38fd4e",
              "parentUUID": "e4bf0440-b77d-450d-a94e-e79d905317be",
              "isHook": false,
              "skipped": false
            },
            {
              "title": "shows error for invalid email - missing domain",
              "fullTitle": "Contact Us Form Tests shows error for invalid email - missing domain",
              "timedOut": null,
              "duration": 3365,
              "state": "passed",
              "speed": "fast",
              "pass": true,
              "fail": false,
              "pending": false,
              "context": null,
              "code": "cy.get('input[name=\"first_name\"]').type('Harshdeep');\ncy.get('input[name=\"last_name\"]').type('Chauhan');\ncy.get('input[name=\"email\"]').type('harshdeep@'); // Invalid email\n// adding the following step after confirming the existence of bug from postiive case #2\ncy.get('textarea[name=\"message\"]').type('Hello, this is a test message.');\ncy.get('input[type=\"submit\"]').click();\n// verify error message for invalid email\ncy.xpath('//body//text()[contains(.,\"Error\")]').then(function ($el) {\n  expect($el.text().toLowerCase()).to.contain('invalid email address');\n});",
              "err": {},
              "uuid": "548f1566-1c73-4e94-921d-b7d610bed3aa",
              "parentUUID": "e4bf0440-b77d-450d-a94e-e79d905317be",
              "isHook": false,
              "skipped": false
            }
          ],
          "suites": [],
          "passes": [
            "c19047e0-ef09-45e7-beb9-4c67c8343409",
            "2877da7a-7c7b-4d65-a23e-452303bcb922",
            "16f32b97-3892-4d73-a7bc-d8f3338ef490",
            "aa3eb5b8-ba3f-478d-8ba2-15ff01879697",
            "74b9865e-92ff-4cdd-b9b0-a5ef8b38fd4e",
            "548f1566-1c73-4e94-921d-b7d610bed3aa"
          ],
          "failures": [
            "c138bb78-acdf-42e7-b665-bb44fe06713d",
            "578f1727-fc78-403d-a957-721b38714ae9",
            "cf48b8c1-08b3-4bf0-8326-96279b210fc5",
            "9aceaeb8-e4e4-4b20-8561-9249c4ffc4ae",
            "0f955b3c-8e38-4c2b-a5d0-ac02fe3f2f4f"
          ],
          "pending": [],
          "skipped": [],
          "duration": 76045,
          "root": false,
          "rootEmpty": false,
          "_timeout": 2000
        }
      ],
      "passes": [],
      "failures": [],
      "pending": [],
      "skipped": [],
      "duration": 0,
      "root": true,
      "rootEmpty": true,
      "_timeout": 2000
    }
  ],
  "meta": {
    "mocha": {
      "version": "7.0.1"
    },
    "mochawesome": {
      "options": {
        "quiet": false,
        "reportFilename": "mochawesome",
        "saveHtml": true,
        "saveJson": true,
        "consoleReporter": "spec",
        "useInlineDiffs": false,
        "code": true
      },
      "version": "7.1.3"
    },
    "marge": {
      "options": {
        "reportDir": "cypress/reports/mocha",
        "overwrite": false,
        "html": true,
        "json": true
      },
      "version": "6.2.0"
    }
  }
}