{
  "stats": {
    "suites": 1,
    "tests": 1,
    "passes": 1,
    "pending": 0,
    "failures": 0,
    "start": "2024-06-28T14:50:02.638Z",
    "end": "2024-06-28T14:50:17.408Z",
    "duration": 14770,
    "testsRegistered": 1,
    "passPercent": 100,
    "pendingPercent": 0,
    "other": 0,
    "hasOther": false,
    "skipped": 0,
    "hasSkipped": false
  },
  "results": [
    {
      "uuid": "d93e87ee-87d1-4583-9382-82f7c6cbf0ab",
      "title": "",
      "fullFile": "cypress\\e2e\\test1.spec.cy.js",
      "file": "cypress\\e2e\\test1.spec.cy.js",
      "beforeHooks": [],
      "afterHooks": [],
      "tests": [],
      "suites": [
        {
          "uuid": "b69b8abf-38c3-4535-8960-37c2e546b960",
          "title": "Google Search Test",
          "fullFile": "",
          "file": "",
          "beforeHooks": [],
          "afterHooks": [],
          "tests": [
            {
              "title": "should search on google",
              "fullTitle": "Google Search Test should search on google",
              "timedOut": null,
              "duration": 8789,
              "state": "passed",
              "speed": "medium",
              "pass": true,
              "fail": false,
              "pending": false,
              "context": null,
              "code": "cy.visit('https://www.google.com');\ncy.get('#APjFqb').type('automation step by step {Enter}');",
              "err": {},
              "uuid": "40ecf810-e578-42a5-bbab-44b1a2287747",
              "parentUUID": "b69b8abf-38c3-4535-8960-37c2e546b960",
              "isHook": false,
              "skipped": false
            }
          ],
          "suites": [],
          "passes": [
            "40ecf810-e578-42a5-bbab-44b1a2287747"
          ],
          "failures": [],
          "pending": [],
          "skipped": [],
          "duration": 8789,
          "root": false,
          "rootEmpty": false,
          "_timeout": 2000
        }
      ],
      "passes": [],
      "failures": [],
      "pending": [],
      "skipped": [],
      "duration": 0,
      "root": true,
      "rootEmpty": true,
      "_timeout": 2000
    }
  ],
  "meta": {
    "mocha": {
      "version": "7.0.1"
    },
    "mochawesome": {
      "options": {
        "quiet": false,
        "reportFilename": "mochawesome",
        "saveHtml": true,
        "saveJson": true,
        "consoleReporter": "spec",
        "useInlineDiffs": false,
        "code": true
      },
      "version": "7.1.3"
    },
    "marge": {
      "options": {
        "reportDir": "cypress/reports/mocha",
        "overwrite": false,
        "html": true,
        "json": true
      },
      "version": "6.2.0"
    }
  }
}