{
  "stats": {
    "suites": 1,
    "tests": 1,
    "passes": 1,
    "pending": 0,
    "failures": 0,
    "start": "2024-06-28T14:46:59.795Z",
    "end": "2024-06-28T14:47:04.754Z",
    "duration": 4959,
    "testsRegistered": 1,
    "passPercent": 100,
    "pendingPercent": 0,
    "other": 0,
    "hasOther": false,
    "skipped": 0,
    "hasSkipped": false
  },
  "results": [
    {
      "uuid": "59002989-abd7-4517-8692-b9aed739e82e",
      "title": "",
      "fullFile": "cypress\\e2e\\assertions-demo.spec.cy.js",
      "file": "cypress\\e2e\\assertions-demo.spec.cy.js",
      "beforeHooks": [],
      "afterHooks": [],
      "tests": [],
      "suites": [
        {
          "uuid": "b1c19229-6222-4754-a469-5403ee9e64a4",
          "title": "Learning Cypress Assertions",
          "fullFile": "",
          "file": "",
          "beforeHooks": [],
          "afterHooks": [],
          "tests": [
            {
              "title": "will show different assertions and use cases",
              "fullTitle": "Learning Cypress Assertions will show different assertions and use cases",
              "timedOut": null,
              "duration": 1903,
              "state": "passed",
              "speed": "fast",
              "pass": true,
              "fail": false,
              "pending": false,
              "context": null,
              "code": "cy.visit('https://example.cypress.io');\ncy.contains('get').click();\n// Implicit assertions\ncy.contains('.query-btn.btn.btn-primary', 'Button');\ncy.get('#query-btn').contains(/button/i); // Using regex to match the text in the element\ncy.get('#query-btn').should('have.id', 'query-btn').should('be.visible');\n// Explicit assertions\nexpect(true).to.not.equal(false);\nassert.notDeepEqual(4, '4');",
              "err": {},
              "uuid": "83caff7b-b2a2-4435-b03f-155f138ac8ac",
              "parentUUID": "b1c19229-6222-4754-a469-5403ee9e64a4",
              "isHook": false,
              "skipped": false
            }
          ],
          "suites": [],
          "passes": [
            "83caff7b-b2a2-4435-b03f-155f138ac8ac"
          ],
          "failures": [],
          "pending": [],
          "skipped": [],
          "duration": 1903,
          "root": false,
          "rootEmpty": false,
          "_timeout": 2000
        }
      ],
      "passes": [],
      "failures": [],
      "pending": [],
      "skipped": [],
      "duration": 0,
      "root": true,
      "rootEmpty": true,
      "_timeout": 2000
    }
  ],
  "meta": {
    "mocha": {
      "version": "7.0.1"
    },
    "mochawesome": {
      "options": {
        "quiet": false,
        "reportFilename": "mochawesome",
        "saveHtml": true,
        "saveJson": true,
        "consoleReporter": "spec",
        "useInlineDiffs": false,
        "code": true
      },
      "version": "7.1.3"
    },
    "marge": {
      "options": {
        "reportDir": "cypress/reports/mocha",
        "overwrite": false,
        "html": true,
        "json": true
      },
      "version": "6.2.0"
    }
  }
}