{
  "stats": {
    "suites": 1,
    "tests": 1,
    "passes": 1,
    "pending": 0,
    "failures": 0,
    "start": "2024-06-28T14:47:24.428Z",
    "end": "2024-06-28T14:47:30.150Z",
    "duration": 5722,
    "testsRegistered": 1,
    "passPercent": 100,
    "pendingPercent": 0,
    "other": 0,
    "hasOther": false,
    "skipped": 0,
    "hasSkipped": false
  },
  "results": [
    {
      "uuid": "70a739df-23b4-4e75-8a8f-3012ccb06ade",
      "title": "",
      "fullFile": "cypress\\e2e\\file-upload-download.spec.cy.js",
      "file": "cypress\\e2e\\file-upload-download.spec.cy.js",
      "beforeHooks": [],
      "afterHooks": [],
      "tests": [],
      "suites": [
        {
          "uuid": "2e644b2d-ec5b-4915-b5da-ffaa62419261",
          "title": "File Upload and Download Operations",
          "fullFile": "",
          "file": "",
          "beforeHooks": [],
          "afterHooks": [],
          "tests": [
            {
              "title": "should upload a file onto a website",
              "fullTitle": "File Upload and Download Operations should upload a file onto a website",
              "timedOut": null,
              "duration": 963,
              "state": "passed",
              "speed": "fast",
              "pass": true,
              "fail": false,
              "pending": false,
              "context": null,
              "code": "cy.visit('https://trytestingthis.netlify.app/');\n// Uploading the example.json file\ncy.xpath(\"//input[@id='myfile']\").attachFile('example.json');\n// Downloading a sample image\ncy.downloadFile('https://upload.wikimedia.org/wikipedia/en/a/a9/Example.jpg', 'mydownloads', 'example.jpg');",
              "err": {},
              "uuid": "220b81cf-a757-4b1a-9377-7f74206c8c23",
              "parentUUID": "2e644b2d-ec5b-4915-b5da-ffaa62419261",
              "isHook": false,
              "skipped": false
            }
          ],
          "suites": [],
          "passes": [
            "220b81cf-a757-4b1a-9377-7f74206c8c23"
          ],
          "failures": [],
          "pending": [],
          "skipped": [],
          "duration": 963,
          "root": false,
          "rootEmpty": false,
          "_timeout": 2000
        }
      ],
      "passes": [],
      "failures": [],
      "pending": [],
      "skipped": [],
      "duration": 0,
      "root": true,
      "rootEmpty": true,
      "_timeout": 2000
    }
  ],
  "meta": {
    "mocha": {
      "version": "7.0.1"
    },
    "mochawesome": {
      "options": {
        "quiet": false,
        "reportFilename": "mochawesome",
        "saveHtml": true,
        "saveJson": true,
        "consoleReporter": "spec",
        "useInlineDiffs": false,
        "code": true
      },
      "version": "7.1.3"
    },
    "marge": {
      "options": {
        "reportDir": "cypress/reports/mocha",
        "overwrite": false,
        "html": true,
        "json": true
      },
      "version": "6.2.0"
    }
  }
}